<?xml version="1.0" encoding="UTF-8"?>
<testsuite xmlns:xsi="http://www.w3.org/2001/XMLSchema-instance" xsi:noNamespaceSchemaLocation="https://maven.apache.org/surefire/maven-surefire-plugin/xsd/surefire-test-report.xsd" name="com.endava.RunCucumberTest" time="1.389" tests="2" errors="0" skipped="0" failures="0">
  <properties>
[...]
</properties>
  <testcase name="Get all employees" classname="Request employees" time="0.826"/>
  <testcase name="Get a tester" classname="Request employees" time="0.109"/>
</testsuite>